Arguments: 
  C:\Program Files\nodejs\node.exe C:\Program Files\nodejs\node_modules\yarn\bin\yarn.js add vue-codemirror

PATH: 
  C:\ProgramData\Oracle\Java\javapath;C:\Windows\system32;C:\Windows;C:\Windows\System32\Wbem;C:\Windows\System32\WindowsPowerShell\v1.0\;C:\Windows\System32\OpenSSH\;C:\Program Files (x86)\NVIDIA Corporation\PhysX\Common;C:\Program Files\NVIDIA Corporation\NVIDIA NGX;C:\Program Files\NVIDIA Corporation\NVIDIA NvDLISR;C:\WINDOWS\system32;C:\WINDOWS;C:\WINDOWS\System32\Wbem;C:\WINDOWS\System32\WindowsPowerShell\v1.0\;C:\WINDOWS\System32\OpenSSH\;C:\Program Files\Git\cmd;%NVM_H;ME%;%NVM_SYMLINK%;C:\Program Files\TortoiseSVN\bin;C:\Program Files\Common Files\Autodesk Shared\;C:\Program Files\Microsoft SQL Server\120\Tools\Binn\;;D:\ruanjian\微信web开发者工具\dll;C:\Users\guoze\AppData\Local\Microsoft\WindowsApps;C:\Users\guoze\AppData\Local\Programs\Microsoft VS Code\bin;C:\Users\guoze\AppData\Roaming\nvm;C:\Program Files\nodejs;

Yarn version: 
  1.22.19

Node version: 
  16.16.0

Platform: 
  win32 x64

Trace: 
  Error: EPERM: operation not permitted, unlink 'G:\gzf\项目练习\线上笔记\practise\node_modules\@esbuild\win32-x64\esbuild.exe'

npm manifest: 
  {
    "name": "vite-project",
    "private": true,
    "version": "0.0.0",
    "type": "module",
    "scripts": {
      "dev": "vite",
      "build": "vue-tsc && vite build",
      "preview": "vite preview"
    },
    "dependencies": {
      "@types/node": "^20.10.7",
      "codemirror": "^5.65.16",
      "codemirror-editor-vue3": "^2.4.1",
      "plyr": "^3.7.8",
      "sass": "^1.69.7",
      "vue": "^3.3.11",
      "vue-router": "4"
    },
    "devDependencies": {
      "@types/codemirror": "^5.60.15",
      "@vitejs/plugin-vue": "^4.5.2",
      "typescript": "^5.2.2",
      "unplugin-auto-import": "^0.17.3",
      "unplugin-vue-components": "^0.26.0",
      "vite": "^5.0.8",
      "vue-tsc": "^1.8.25"
    }
  }

yarn manifest: 
  No manifest

Lockfile: 
  # THIS IS AN AUTOGENERATED FILE. DO NOT EDIT THIS FILE DIRECTLY.
  # yarn lockfile v1
  
  
  "@antfu/utils@^0.7.6", "@antfu/utils@^0.7.7":
    "integrity" "sha512-gFPqTG7otEJ8uP6wrhDv6mqwGWYZKNvAcCq6u9hOj0c+IKCEsY4L1oC9trPq2SaWIzAfHvqfBDxF591JkMf+kg=="
    "resolved" "https://registry.npmmirror.com/@antfu/utils/-/utils-0.7.7.tgz"
    "version" "0.7.7"
  
  "@babel/parser@^7.15.8", "@babel/parser@^7.23.6":
    "integrity" "sha512-Z2uID7YJ7oNvAI20O9X0bblw7Qqs8Q2hFy0R9tAfnfLkp5MW0UH9eUvnDSnFwKZ0AvgS1ucqR4KzvVHgnke1VQ=="
    "resolved" "https://registry.npmmirror.com/@babel/parser/-/parser-7.23.6.tgz"
    "version" "7.23.6"
  
  "@esbuild/win32-x64@0.19.11":
    "integrity" "sha512-vfkhltrjCAb603XaFhqhAF4LGDi2M4OrCRrFusyQ+iTLQ/o60QQXxc9cZC/FFpihBI9N1Grn6SMKVJ4KP7Fuiw=="
    "resolved" "https://registry.npmmirror.com/@esbuild/win32-x64/-/win32-x64-0.19.11.tgz"
    "version" "0.19.11"
  
  "@jridgewell/sourcemap-codec@^1.4.15":
    "integrity" "sha512-eF2rxCRulEKXHTRiDrDy6erMYWqNw4LPdQ8UQA4huuxaQsVeRPFl2oM8oDGxMFhJUWZf9McpLtJasDDZb/Bpeg=="
    "resolved" "https://registry.npmmirror.com/@jridgewell/sourcemap-codec/-/sourcemap-codec-1.4.15.tgz"
    "version" "1.4.15"
  
  "@nodelib/fs.scandir@2.1.5":
    "integrity" "sha512-vq24Bq3ym5HEQm2NKCr3yXDwjc7vTsEThRDnkp2DK9p1uqLR+DHurm/NOTo0KG7HYHU7eppKZj3MyqYuMBf62g=="
    "resolved" "https://registry.npmmirror.com/@nodelib/fs.scandir/-/fs.scandir-2.1.5.tgz"
    "version" "2.1.5"
    dependencies:
      "@nodelib/fs.stat" "2.0.5"
      "run-parallel" "^1.1.9"
  
  "@nodelib/fs.stat@^2.0.2", "@nodelib/fs.stat@2.0.5":
    "integrity" "sha512-RkhPPp2zrqDAQA/2jNhnztcPAlv64XdhIp7a7454A5ovI7Bukxgt7MX7udwAu3zg1DcpPU0rz3VV1SeaqvY4+A=="
    "resolved" "https://registry.npmmirror.com/@nodelib/fs.stat/-/fs.stat-2.0.5.tgz"
    "version" "2.0.5"
  
  "@nodelib/fs.walk@^1.2.3":
    "integrity" "sha512-oGB+UxlgWcgQkgwo8GcEGwemoTFt3FIO9ababBmaGwXIoBKZ+GTy0pP185beGg7Llih/NSHSV2XAs1lnznocSg=="
    "resolved" "https://registry.npmmirror.com/@nodelib/fs.walk/-/fs.walk-1.2.8.tgz"
    "version" "1.2.8"
    dependencies:
      "@nodelib/fs.scandir" "2.1.5"
      "fastq" "^1.6.0"
  
  "@rollup/pluginutils@^5.0.4", "@rollup/pluginutils@^5.1.0":
    "integrity" "sha512-XTIWOPPcpvyKI6L1NHo0lFlCyznUEyPmPY1mc3KpPVDYulHSTvyeLNVW00QTLIAFNhR3kYnJTQHeGqU4M3n09g=="
    "resolved" "https://registry.npmmirror.com/@rollup/pluginutils/-/pluginutils-5.1.0.tgz"
    "version" "5.1.0"
    dependencies:
      "@types/estree" "^1.0.0"
      "estree-walker" "^2.0.2"
      "picomatch" "^2.3.1"
  
  "@rollup/rollup-win32-x64-msvc@4.9.4":
    "integrity" "sha512-LfdGXCV9rdEify1oxlN9eamvDSjv9md9ZVMAbNHA87xqIfFCxImxan9qZ8+Un54iK2nnqPlbnSi4R54ONtbWBw=="
    "resolved" "https://registry.npmmirror.com/@rollup/rollup-win32-x64-msvc/-/rollup-win32-x64-msvc-4.9.4.tgz"
    "version" "4.9.4"
  
  "@types/codemirror@^5.60.15":
    "integrity" "sha512-dTOvwEQ+ouKJ/rE9LT1Ue2hmP6H1mZv5+CCnNWu2qtiOe2LQa9lCprEY20HxiDmV/Bxh+dXjywmy5aKvoGjULA=="
    "resolved" "https://registry.npmmirror.com/@types/codemirror/-/codemirror-5.60.15.tgz"
    "version" "5.60.15"
    dependencies:
      "@types/tern" "*"
  
  "@types/estree@*", "@types/estree@^1.0.0", "@types/estree@1.0.5":
    "integrity" "sha512-/kYRxGDLWzHOB7q+wtSUQlFrtcdUccpfy+X+9iMBpHK8QLLhx2wIPYuS5DYtR9Wa/YlZAbIovy7qVdB1Aq6Lyw=="
    "resolved" "https://registry.npmmirror.com/@types/estree/-/estree-1.0.5.tgz"
    "version" "1.0.5"
  
  "@types/node@^18.0.0 || >=20.0.0", "@types/node@^20.10.7":
    "integrity" "sha512-fRbIKb8C/Y2lXxB5eVMj4IU7xpdox0Lh8bUPEdtLysaylsml1hOOx1+STloRs/B9nf7C6kPRmmg/V7aQW7usNg=="
    "resolved" "https://registry.npmmirror.com/@types/node/-/node-20.10.7.tgz"
    "version" "20.10.7"
    dependencies:
      "undici-types" "~5.26.4"
  
  "@types/tern@*":
    "integrity" "sha512-ypzHFE/wBzh+BlH6rrBgS5I/Z7RD21pGhZ2rltb/+ZrVM1awdZwjx7hE5XfuYgHWk9uvV5HLZN3SloevCAp3Bw=="
    "resolved" "https://registry.npmmirror.com/@types/tern/-/tern-0.23.9.tgz"
    "version" "0.23.9"
    dependencies:
      "@types/estree" "*"
  
  "@vitejs/plugin-vue@^4.5.2":
    "integrity" "sha512-kqf7SGFoG+80aZG6Pf+gsZIVvGSCKE98JbiWqcCV9cThtg91Jav0yvYFC9Zb+jKetNGF6ZKeoaxgZfND21fWKw=="
    "resolved" "https://registry.npmmirror.com/@vitejs/plugin-vue/-/plugin-vue-4.6.2.tgz"
    "version" "4.6.2"
  
  "@volar/language-core@~1.11.1", "@volar/language-core@1.11.1":
    "integrity" "sha512-dOcNn3i9GgZAcJt43wuaEykSluAuOkQgzni1cuxLxTV0nJKanQztp7FxyswdRILaKH+P2XZMPRp2S4MV/pElCw=="
    "resolved" "https://registry.npmmirror.com/@volar/language-core/-/language-core-1.11.1.tgz"
    "version" "1.11.1"
    dependencies:
      "@volar/source-map" "1.11.1"
  
  "@volar/source-map@~1.11.1", "@volar/source-map@1.11.1":
    "integrity" "sha512-hJnOnwZ4+WT5iupLRnuzbULZ42L7BWWPMmruzwtLhJfpDVoZLjNBxHDi2sY2bgZXCKlpU5XcsMFoYrsQmPhfZg=="
    "resolved" "https://registry.npmmirror.com/@volar/source-map/-/source-map-1.11.1.tgz"
    "version" "1.11.1"
    dependencies:
      "muggle-string" "^0.3.1"
  
  "@volar/typescript@~1.11.1":
    "integrity" "sha512-iU+t2mas/4lYierSnoFOeRFQUhAEMgsFuQxoxvwn5EdQopw43j+J27a4lt9LMInx1gLJBC6qL14WYGlgymaSMQ=="
    "resolved" "https://registry.npmmirror.com/@volar/typescript/-/typescript-1.11.1.tgz"
    "version" "1.11.1"
    dependencies:
      "@volar/language-core" "1.11.1"
      "path-browserify" "^1.0.1"
  
  "@vue/compiler-core@3.4.6":
    "integrity" "sha512-9SmkpHsXqhHGMIOp4cawUqp0AxLN2fJJfxh3sR2RaouVx/Y/ww5ts3dfpD9SCvD0n8cdO/Xw+kWEpa6EkH/vTQ=="
    "resolved" "https://registry.npmmirror.com/@vue/compiler-core/-/compiler-core-3.4.6.tgz"
    "version" "3.4.6"
    dependencies:
      "@babel/parser" "^7.23.6"
      "@vue/shared" "3.4.6"
      "entities" "^4.5.0"
      "estree-walker" "^2.0.2"
      "source-map-js" "^1.0.2"
  
  "@vue/compiler-dom@^3.3.0", "@vue/compiler-dom@3.4.6":
    "integrity" "sha512-i39ZuyHPzPb0v5yXZbvODGwLr+T7lS1rYSjMd1oCTa14aDP80kYpWXrWPF1JVD4QJJNyLgFnJ2hxvFLM7dy9NQ=="
    "resolved" "https://registry.npmmirror.com/@vue/compiler-dom/-/compiler-dom-3.4.6.tgz"
    "version" "3.4.6"
    dependencies:
      "@vue/compiler-core" "3.4.6"
      "@vue/shared" "3.4.6"
  
  "@vue/compiler-sfc@3.4.6":
    "integrity" "sha512-kTFOiyMtuetFqi5yEPA4hR6FTD36zKKY3qaBonxGb4pgj0yK1eACqH+iycTAsEqr2u4cOhcGkx3Yjecpgh6FTQ=="
    "resolved" "https://registry.npmmirror.com/@vue/compiler-sfc/-/compiler-sfc-3.4.6.tgz"
    "version" "3.4.6"
    dependencies:
      "@babel/parser" "^7.23.6"
      "@vue/compiler-core" "3.4.6"
      "@vue/compiler-dom" "3.4.6"
      "@vue/compiler-ssr" "3.4.6"
      "@vue/shared" "3.4.6"
      "estree-walker" "^2.0.2"
      "magic-string" "^0.30.5"
      "postcss" "^8.4.32"
      "source-map-js" "^1.0.2"
  
  "@vue/compiler-ssr@3.4.6":
    "integrity" "sha512-XqeojjDitjMLyOogDePNSxw9XL4FAXchO9oOfqdzLVEtYES5j+AEilPJyP0KhQPfGecY2mJ3Y7/e6kkiJQLKvg=="
    "resolved" "https://registry.npmmirror.com/@vue/compiler-ssr/-/compiler-ssr-3.4.6.tgz"
    "version" "3.4.6"
    dependencies:
      "@vue/compiler-dom" "3.4.6"
      "@vue/shared" "3.4.6"
  
  "@vue/devtools-api@^6.5.0":
    "integrity" "sha512-+KpckaAQyfbvshdDW5xQylLni1asvNSGme1JFs8I1+/H5pHEhqUKMEQD/qn3Nx5+/nycBq11qAEi8lk+LXI2dA=="
    "resolved" "https://registry.npmmirror.com/@vue/devtools-api/-/devtools-api-6.5.1.tgz"
    "version" "6.5.1"
  
  "@vue/language-core@1.8.27":
    "integrity" "sha512-L8Kc27VdQserNaCUNiSFdDl9LWT24ly8Hpwf1ECy3aFb9m6bDhBGQYOujDm21N7EW3moKIOKEanQwe1q5BK+mA=="
    "resolved" "https://registry.npmmirror.com/@vue/language-core/-/language-core-1.8.27.tgz"
    "version" "1.8.27"
    dependencies:
      "@volar/language-core" "~1.11.1"
      "@volar/source-map" "~1.11.1"
      "@vue/compiler-dom" "^3.3.0"
      "@vue/shared" "^3.3.0"
      "computeds" "^0.0.1"
      "minimatch" "^9.0.3"
      "muggle-string" "^0.3.1"
      "path-browserify" "^1.0.1"
      "vue-template-compiler" "^2.7.14"
  
  "@vue/reactivity@3.4.6":
    "integrity" "sha512-/VuOxdWDyAeKFHjOuSKEtH9jEVPRgsXxu84utBP1SiXFcFRx2prwiC9cSR8hKOfj5nBwhLXYb6XEU69mLpuk0w=="
    "resolved" "https://registry.npmmirror.com/@vue/reactivity/-/reactivity-3.4.6.tgz"
    "version" "3.4.6"
    dependencies:
      "@vue/shared" "3.4.6"
  
  "@vue/runtime-core@3.4.6":
    "integrity" "sha512-XDOx8iiNmP66p+goUHT5XL1AnV8406VVFQARbylqmSCBZEtxchfu2ZoQk7U07ze8G/E0/BtX/C5o29zB1W4o5A=="
    "resolved" "https://registry.npmmirror.com/@vue/runtime-core/-/runtime-core-3.4.6.tgz"
    "version" "3.4.6"
    dependencies:
      "@vue/reactivity" "3.4.6"
      "@vue/shared" "3.4.6"
  
  "@vue/runtime-dom@3.4.6":
    "integrity" "sha512-8bdQR5CLfzClGvAOfbbCF8adE9oko0pRfe+dj297i0JCdCJ8AuyUMsXkt6vGPcRPqIKX4Z8f/bDPrwl+c7e4Wg=="
    "resolved" "https://registry.npmmirror.com/@vue/runtime-dom/-/runtime-dom-3.4.6.tgz"
    "version" "3.4.6"
    dependencies:
      "@vue/runtime-core" "3.4.6"
      "@vue/shared" "3.4.6"
      "csstype" "^3.1.3"
  
  "@vue/server-renderer@3.4.6":
    "integrity" "sha512-0LS+GXf3M93KloaK/S0ZPq5PnKERgPAV5iNCCpjyBLhAQGGEeqfJojs3yXOAMQLSvXi9FLYDHzDEOLWoLaYbTQ=="
    "resolved" "https://registry.npmmirror.com/@vue/server-renderer/-/server-renderer-3.4.6.tgz"
    "version" "3.4.6"
    dependencies:
      "@vue/compiler-ssr" "3.4.6"
      "@vue/shared" "3.4.6"
  
  "@vue/shared@^3.3.0", "@vue/shared@3.4.6":
    "integrity" "sha512-O16vewA05D0IwfG2N/OFEuVeb17pieaI32mmYXp36V8lp+/pI1YV04rRL9Eyjndj3xQO5SNjAxTh6ul4IlBa3A=="
    "resolved" "https://registry.npmmirror.com/@vue/shared/-/shared-3.4.6.tgz"
    "version" "3.4.6"
  
  "acorn@^8.10.0", "acorn@^8.11.2":
    "integrity" "sha512-Y9rRfJG5jcKOE0CLisYbojUjIrIEE7AGMzA/Sm4BslANhbS+cDMpgBdcPT91oJ7OuJ9hYJBx59RjbhxVnrF8Xg=="
    "resolved" "https://registry.npmmirror.com/acorn/-/acorn-8.11.3.tgz"
    "version" "8.11.3"
  
  "anymatch@~3.1.2":
    "integrity" "sha512-KMReFUr0B4t+D+OBkjR3KYqvocp2XaSzO55UcB6mgQMd3KbcE+mWTyvVV7D/zsdEbNnV6acZUutkiHQXvTr1Rw=="
    "resolved" "https://registry.npmmirror.com/anymatch/-/anymatch-3.1.3.tgz"
    "version" "3.1.3"
    dependencies:
      "normalize-path" "^3.0.0"
      "picomatch" "^2.0.4"
  
  "balanced-match@^1.0.0":
    "integrity" "sha512-3oSeUO0TMV67hN1AmbXsK4yaqU7tjiHlbxRDZOpH0KW9+CeX4bRAaX0Anxt0tx2MrpRpWwQaPwIlISEJhYU5Pw=="
    "resolved" "https://registry.npmmirror.com/balanced-match/-/balanced-match-1.0.2.tgz"
    "version" "1.0.2"
  
  "binary-extensions@^2.0.0":
    "integrity" "sha512-jDctJ/IVQbZoJykoeHbhXpOlNBqGNcwXJKJog42E5HDPUwQTSdjCHdihjj0DlnheQ7blbT6dHOafNAiS8ooQKA=="
    "resolved" "https://registry.npmmirror.com/binary-extensions/-/binary-extensions-2.2.0.tgz"
    "version" "2.2.0"
  
  "brace-expansion@^2.0.1":
    "integrity" "sha512-XnAIvQ8eM+kC6aULx6wuQiwVsnzsi9d3WxzV3FpWTGA19F621kwdbsAcFKXgKUHZWsy+mY6iL1sHTxWEFCytDA=="
    "resolved" "https://registry.npmmirror.com/brace-expansion/-/brace-expansion-2.0.1.tgz"
    "version" "2.0.1"
    dependencies:
      "balanced-match" "^1.0.0"
  
  "braces@^3.0.2", "braces@~3.0.2":
    "integrity" "sha512-b8um+L1RzM3WDSzvhm6gIz1yfTbBt6YTlcEKAvsmqCZZFw46z626lVj9j1yEPW33H5H+lBQpZMP1k8l+78Ha0A=="
    "resolved" "https://registry.npmmirror.com/braces/-/braces-3.0.2.tgz"
    "version" "3.0.2"
    dependencies:
      "fill-range" "^7.0.1"
  
  "chokidar@^3.5.3", "chokidar@>=3.0.0 <4.0.0":
    "integrity" "sha512-Dr3sfKRP6oTcjf2JmUmFJfeVMvXBdegxB0iVQ5eb2V10uFJUCAS8OByZdVAyVb8xXNz3GjjTgj9kLWsZTqE6kw=="
    "resolved" "https://registry.npmmirror.com/chokidar/-/chokidar-3.5.3.tgz"
    "version" "3.5.3"
    dependencies:
      "anymatch" "~3.1.2"
      "braces" "~3.0.2"
      "glob-parent" "~5.1.2"
      "is-binary-path" "~2.1.0"
      "is-glob" "~4.0.1"
      "normalize-path" "~3.0.0"
      "readdirp" "~3.6.0"
    optionalDependencies:
      "fsevents" "~2.3.2"
  
  "codemirror-editor-vue3@^2.4.1":
    "integrity" "sha512-XcyLUShIq22D05ySLfXGwLZqYt/HDJk11z1aAc3N/J76dEcXPd1xrUrw+v3pl+fjc8QfTjBzMSU8nKTVccJnUQ=="
    "resolved" "https://registry.npmmirror.com/codemirror-editor-vue3/-/codemirror-editor-vue3-2.4.1.tgz"
    "version" "2.4.1"
    dependencies:
      "codemirror" "^5.64.0"
      "diff-match-patch" "^1.0.5"
  
  "codemirror@^5.64.0", "codemirror@^5.65.16":
    "integrity" "sha512-br21LjYmSlVL0vFCPWPfhzUCT34FM/pAdK7rRIZwa0rrtrIdotvP4Oh4GUHsu2E3IrQMCfRkL/fN3ytMNxVQvg=="
    "resolved" "https://registry.npmmirror.com/codemirror/-/codemirror-5.65.16.tgz"
    "version" "5.65.16"
  
  "computeds@^0.0.1":
    "integrity" "sha512-7CEBgcMjVmitjYo5q8JTJVra6X5mQ20uTThdK+0kR7UEaDrAWEQcRiBtWJzga4eRpP6afNwwLsX2SET2JhVB1Q=="
    "resolved" "https://registry.npmmirror.com/computeds/-/computeds-0.0.1.tgz"
    "version" "0.0.1"
  
  "core-js@^3.26.1":
    "integrity" "sha512-ntakECeqg81KqMueeGJ79Q5ZgQNR+6eaE8sxGCx62zMbAIj65q+uYvatToew3m6eAGdU4gNZwpZ34NMe4GYswg=="
    "resolved" "https://registry.npmmirror.com/core-js/-/core-js-3.35.0.tgz"
    "version" "3.35.0"
  
  "csstype@^3.1.3":
    "integrity" "sha512-M1uQkMl8rQK/szD0LNhtqxIPLpimGm8sOBwU7lLnCpSbTyY3yeU1Vc7l4KT5zT4s/yOxHH5O7tIuuLOCnLADRw=="
    "resolved" "https://registry.npmmirror.com/csstype/-/csstype-3.1.3.tgz"
    "version" "3.1.3"
  
  "custom-event-polyfill@^1.0.7":
    "integrity" "sha512-TDDkd5DkaZxZFM8p+1I3yAlvM3rSr1wbrOliG4yJiwinMZN8z/iGL7BTlDkrJcYTmgUSb4ywVCc3ZaUtOtC76w=="
    "resolved" "https://registry.npmmirror.com/custom-event-polyfill/-/custom-event-polyfill-1.0.7.tgz"
    "version" "1.0.7"
  
  "de-indent@^1.0.2":
    "integrity" "sha512-e/1zu3xH5MQryN2zdVaF0OrdNLUbvWxzMbi+iNA6Bky7l1RoP8a2fIbRocyHclXt/arDrrR6lL3TqFD9pMQTsg=="
    "resolved" "https://registry.npmmirror.com/de-indent/-/de-indent-1.0.2.tgz"
    "version" "1.0.2"
  
  "debug@^4.3.4":
    "integrity" "sha512-PRWFHuSU3eDtQJPvnNY7Jcket1j0t5OuOsFzPPzsekD52Zl8qUfFIPEiswXqIvHWGVHOgX+7G/vCNNhehwxfkQ=="
    "resolved" "https://registry.npmmirror.com/debug/-/debug-4.3.4.tgz"
    "version" "4.3.4"
    dependencies:
      "ms" "2.1.2"
  
  "diff-match-patch@^1.0.5":
    "integrity" "sha512-IayShXAgj/QMXgB0IWmKx+rOPuGMhqm5w6jvFxmVenXKIzRqTAAsbBPT3kWQeGANj3jGgvcvv4yK6SxqYmikgw=="
    "resolved" "https://registry.npmmirror.com/diff-match-patch/-/diff-match-patch-1.0.5.tgz"
    "version" "1.0.5"
  
  "entities@^4.5.0":
    "integrity" "sha512-V0hjH4dGPh9Ao5p0MoRY6BVqtwCjhz6vI5LT8AJ55H+4g9/4vbHx1I54fS0XuclLhDHArPQCiMjDxjaL8fPxhw=="
    "resolved" "https://registry.npmmirror.com/entities/-/entities-4.5.0.tgz"
    "version" "4.5.0"
  
  "esbuild@^0.19.3":
    "integrity" "sha512-HJ96Hev2hX/6i5cDVwcqiJBBtuo9+FeIJOtZ9W1kA5M6AMJRHUZlpYZ1/SbEwtO0ioNAW8rUooVpC/WehY2SfA=="
    "resolved" "https://registry.npmmirror.com/esbuild/-/esbuild-0.19.11.tgz"
    "version" "0.19.11"
    optionalDependencies:
      "@esbuild/aix-ppc64" "0.19.11"
      "@esbuild/android-arm" "0.19.11"
      "@esbuild/android-arm64" "0.19.11"
      "@esbuild/android-x64" "0.19.11"
      "@esbuild/darwin-arm64" "0.19.11"
      "@esbuild/darwin-x64" "0.19.11"
      "@esbuild/freebsd-arm64" "0.19.11"
      "@esbuild/freebsd-x64" "0.19.11"
      "@esbuild/linux-arm" "0.19.11"
      "@esbuild/linux-arm64" "0.19.11"
      "@esbuild/linux-ia32" "0.19.11"
      "@esbuild/linux-loong64" "0.19.11"
      "@esbuild/linux-mips64el" "0.19.11"
      "@esbuild/linux-ppc64" "0.19.11"
      "@esbuild/linux-riscv64" "0.19.11"
      "@esbuild/linux-s390x" "0.19.11"
      "@esbuild/linux-x64" "0.19.11"
      "@esbuild/netbsd-x64" "0.19.11"
      "@esbuild/openbsd-x64" "0.19.11"
      "@esbuild/sunos-x64" "0.19.11"
      "@esbuild/win32-arm64" "0.19.11"
      "@esbuild/win32-ia32" "0.19.11"
      "@esbuild/win32-x64" "0.19.11"
  
  "escape-string-regexp@^5.0.0":
    "integrity" "sha512-/veY75JbMK4j1yjvuUxuVsiS/hr/4iHs9FTT6cgTexxdE0Ly/glccBAkloH/DofkjRbZU3bnoj38mOmhkZ0lHw=="
    "resolved" "https://registry.npmmirror.com/escape-string-regexp/-/escape-string-regexp-5.0.0.tgz"
    "version" "5.0.0"
  
  "estree-walker@^2.0.2":
    "integrity" "sha512-Rfkk/Mp/DL7JVje3u18FxFujQlTNR2q6QfMSMB7AvCBx91NGj/ba3kCfza0f6dVDbw7YlRf/nDrn7pQrCCyQ/w=="
    "resolved" "https://registry.npmmirror.com/estree-walker/-/estree-walker-2.0.2.tgz"
    "version" "2.0.2"
  
  "estree-walker@^3.0.3":
    "integrity" "sha512-7RUKfXgSMMkzt6ZuXmqapOurLGPPfgj6l9uRZ7lRGolvk0y2yocc35LdcxKC5PQZdn2DMqioAQ2NoWcrTKmm6g=="
    "resolved" "https://registry.npmmirror.com/estree-walker/-/estree-walker-3.0.3.tgz"
    "version" "3.0.3"
    dependencies:
      "@types/estree" "^1.0.0"
  
  "fast-glob@^3.3.1", "fast-glob@^3.3.2":
    "integrity" "sha512-oX2ruAFQwf/Orj8m737Y5adxDQO0LAB7/S5MnxCdTNDd4p6BsyIVsv9JQsATbTSq8KHRpLwIHbVlUNatxd+1Ow=="
    "resolved" "https://registry.npmmirror.com/fast-glob/-/fast-glob-3.3.2.tgz"
    "version" "3.3.2"
    dependencies:
      "@nodelib/fs.stat" "^2.0.2"
      "@nodelib/fs.walk" "^1.2.3"
      "glob-parent" "^5.1.2"
      "merge2" "^1.3.0"
      "micromatch" "^4.0.4"
  
  "fastq@^1.6.0":
    "integrity" "sha512-ifCoaXsDrsdkWTtiNJX5uzHDsrck5TzfKKDcuFFTIrrc/BS076qgEIfoIy1VeZqViznfKiysPYTh/QeHtnIsYA=="
    "resolved" "https://registry.npmmirror.com/fastq/-/fastq-1.16.0.tgz"
    "version" "1.16.0"
    dependencies:
      "reusify" "^1.0.4"
  
  "fill-range@^7.0.1":
    "integrity" "sha512-qOo9F+dMUmC2Lcb4BbVvnKJxTPjCm+RRpe4gDuGrzkL7mEVl/djYSu2OdQ2Pa302N4oqkSg9ir6jaLWJ2USVpQ=="
    "resolved" "https://registry.npmmirror.com/fill-range/-/fill-range-7.0.1.tgz"
    "version" "7.0.1"
    dependencies:
      "to-regex-range" "^5.0.1"
  
  "function-bind@^1.1.2":
    "integrity" "sha512-7XHNxH7qX9xG5mIwxkhumTox/MIRNcOgDrxWsMt2pAr23WHp6MrRlN7FBSFpCpr+oVO0F744iUgR82nJMfG2SA=="
    "resolved" "https://registry.npmmirror.com/function-bind/-/function-bind-1.1.2.tgz"
    "version" "1.1.2"
  
  "glob-parent@^5.1.2", "glob-parent@~5.1.2":
    "integrity" "sha512-AOIgSQCepiJYwP3ARnGx+5VnTu2HBYdzbGP45eLw1vr3zB3vZLeyed1sC9hnbcOc9/SrMyM5RPQrkGz4aS9Zow=="
    "resolved" "https://registry.npmmirror.com/glob-parent/-/glob-parent-5.1.2.tgz"
    "version" "5.1.2"
    dependencies:
      "is-glob" "^4.0.1"
  
  "hasown@^2.0.0":
    "integrity" "sha512-vUptKVTpIJhcczKBbgnS+RtcuYMB8+oNzPK2/Hp3hanz8JmpATdmmgLgSaadVREkDm+e2giHwY3ZRkyjSIDDFA=="
    "resolved" "https://registry.npmmirror.com/hasown/-/hasown-2.0.0.tgz"
    "version" "2.0.0"
    dependencies:
      "function-bind" "^1.1.2"
  
  "he@^1.2.0":
    "integrity" "sha512-F/1DnUGPopORZi0ni+CvrCgHQ5FyEAHRLSApuYWMmrbSwoN2Mn/7k+Gl38gJnR7yyDZk6WLXwiGod1JOWNDKGw=="
    "resolved" "https://registry.npmmirror.com/he/-/he-1.2.0.tgz"
    "version" "1.2.0"
  
  "immutable@^4.0.0":
    "integrity" "sha512-fsXeu4J4i6WNWSikpI88v/PcVflZz+6kMhUfIwc5SY+poQRPnaf5V7qds6SUyUN3cVxEzuCab7QIoLOQ+DQ1wA=="
    "resolved" "https://registry.npmmirror.com/immutable/-/immutable-4.3.4.tgz"
    "version" "4.3.4"
  
  "is-binary-path@~2.1.0":
    "integrity" "sha512-ZMERYes6pDydyuGidse7OsHxtbI7WVeUEozgR/g7rd0xUimYNlvZRE/K2MgZTjWy725IfelLeVcEM97mmtRGXw=="
    "resolved" "https://registry.npmmirror.com/is-binary-path/-/is-binary-path-2.1.0.tgz"
    "version" "2.1.0"
    dependencies:
      "binary-extensions" "^2.0.0"
  
  "is-core-module@^2.13.0":
    "integrity" "sha512-hHrIjvZsftOsvKSn2TRYl63zvxsgE0K+0mYMoH6gD4omR5IWB2KynivBQczo3+wF1cCkjzvptnI9Q0sPU66ilw=="
    "resolved" "https://registry.npmmirror.com/is-core-module/-/is-core-module-2.13.1.tgz"
    "version" "2.13.1"
    dependencies:
      "hasown" "^2.0.0"
  
  "is-extglob@^2.1.1":
    "integrity" "sha512-SbKbANkN603Vi4jEZv49LeVJMn4yGwsbzZworEoyEiutsN3nJYdbO36zfhGJ6QEDpOZIFkDtnq5JRxmvl3jsoQ=="
    "resolved" "https://registry.npmmirror.com/is-extglob/-/is-extglob-2.1.1.tgz"
    "version" "2.1.1"
  
  "is-glob@^4.0.1", "is-glob@~4.0.1":
    "integrity" "sha512-xelSayHH36ZgE7ZWhli7pW34hNbNl8Ojv5KVmkJD4hBdD3th8Tfk9vYasLM+mXWOZhFkgZfxhLSnrwRr4elSSg=="
    "resolved" "https://registry.npmmirror.com/is-glob/-/is-glob-4.0.3.tgz"
    "version" "4.0.3"
    dependencies:
      "is-extglob" "^2.1.1"
  
  "is-number@^7.0.0":
    "integrity" "sha512-41Cifkg6e8TylSpdtTpeLVMqvSBEVzTttHvERD741+pnZ8ANv0004MRL43QKPDlK9cGvNp6NZWZUBlbGXYxxng=="
    "resolved" "https://registry.npmmirror.com/is-number/-/is-number-7.0.0.tgz"
    "version" "7.0.0"
  
  "jsonc-parser@^3.2.0":
    "integrity" "sha512-gfFQZrcTc8CnKXp6Y4/CBT3fTc0OVuDofpre4aEeEpSBPV5X5v4+Vmx+8snU7RLPrNHPKSgLxGo9YuQzz20o+w=="
    "resolved" "https://registry.npmmirror.com/jsonc-parser/-/jsonc-parser-3.2.0.tgz"
    "version" "3.2.0"
  
  "loadjs@^4.2.0":
    "integrity" "sha512-AgQGZisAlTPbTEzrHPb6q+NYBMD+DP9uvGSIjSUM5uG+0jG15cb8axWpxuOIqrmQjn6scaaH8JwloiP27b2KXA=="
    "resolved" "https://registry.npmmirror.com/loadjs/-/loadjs-4.2.0.tgz"
    "version" "4.2.0"
  
  "local-pkg@^0.4.3":
    "integrity" "sha512-SFppqq5p42fe2qcZQqqEOiVRXl+WCP1MdT6k7BDEW1j++sp5fIY+/fdRQitvKgB5BrBcmrs5m/L0v2FrU5MY1g=="
    "resolved" "https://registry.npmmirror.com/local-pkg/-/local-pkg-0.4.3.tgz"
    "version" "0.4.3"
  
  "local-pkg@^0.5.0":
    "integrity" "sha512-ok6z3qlYyCDS4ZEU27HaU6x/xZa9Whf8jD4ptH5UZTQYZVYeb9bnZ3ojVhiJNLiXK1Hfc0GNbLXcmZ5plLDDBg=="
    "resolved" "https://registry.npmmirror.com/local-pkg/-/local-pkg-0.5.0.tgz"
    "version" "0.5.0"
    dependencies:
      "mlly" "^1.4.2"
      "pkg-types" "^1.0.3"
  
  "lru-cache@^6.0.0":
    "integrity" "sha512-Jo6dJ04CmSjuznwJSS3pUeWmd/H0ffTlkXXgwZi+eq1UCmqQwCh+eLsYOYCwY991i2Fah4h1BEMCx4qThGbsiA=="
    "resolved" "https://registry.npmmirror.com/lru-cache/-/lru-cache-6.0.0.tgz"
    "version" "6.0.0"
    dependencies:
      "yallist" "^4.0.0"
  
  "magic-string@^0.30.3", "magic-string@^0.30.5":
    "integrity" "sha512-7xlpfBaQaP/T6Vh8MO/EqXSW5En6INHEvEXQiuff7Gku0PWjU3uf6w/j9o7O+SpB5fOAkrI5HeoNgwjEO0pFsA=="
    "resolved" "https://registry.npmmirror.com/magic-string/-/magic-string-0.30.5.tgz"
    "version" "0.30.5"
    dependencies:
      "@jridgewell/sourcemap-codec" "^1.4.15"
  
  "merge2@^1.3.0":
    "integrity" "sha512-8q7VEgMJW4J8tcfVPy8g09NcQwZdbwFEqhe/WZkoIzjn/3TGDwtOCYtXGxA3O8tPzpczCCDgv+P2P5y00ZJOOg=="
    "resolved" "https://registry.npmmirror.com/merge2/-/merge2-1.4.1.tgz"
    "version" "1.4.1"
  
  "micromatch@^4.0.4":
    "integrity" "sha512-DMy+ERcEW2q8Z2Po+WNXuw3c5YaUSFjAO5GsJqfEl7UjvtIuFKO6ZrKvcItdy98dwFI2N1tg3zNIdKaQT+aNdA=="
    "resolved" "https://registry.npmmirror.com/micromatch/-/micromatch-4.0.5.tgz"
    "version" "4.0.5"
    dependencies:
      "braces" "^3.0.2"
      "picomatch" "^2.3.1"
  
  "minimatch@^9.0.3":
    "integrity" "sha512-RHiac9mvaRw0x3AYRgDC1CxAP7HTcNrrECeA8YYJeWnpo+2Q5CegtZjaotWTWxDG3UeGA1coE05iH1mPjT/2mg=="
    "resolved" "https://registry.npmmirror.com/minimatch/-/minimatch-9.0.3.tgz"
    "version" "9.0.3"
    dependencies:
      "brace-expansion" "^2.0.1"
  
  "mlly@^1.2.0", "mlly@^1.4.2":
    "integrity" "sha512-i/Ykufi2t1EZ6NaPLdfnZk2AX8cs0d+mTzVKuPfqPKPatxLApaBoxJQ9x1/uckXtrS/U5oisPMDkNs0yQTaBRg=="
    "resolved" "https://registry.npmmirror.com/mlly/-/mlly-1.4.2.tgz"
    "version" "1.4.2"
    dependencies:
      "acorn" "^8.10.0"
      "pathe" "^1.1.1"
      "pkg-types" "^1.0.3"
      "ufo" "^1.3.0"
  
  "ms@2.1.2":
    "integrity" "sha512-sGkPx+VjMtmA6MX27oA4FBFELFCZZ4S4XqeGOXCv68tT+jb3vk/RyaKWP0PTKyWtmLSM0b+adUTEvbs1PEaH2w=="
    "resolved" "https://registry.npmmirror.com/ms/-/ms-2.1.2.tgz"
    "version" "2.1.2"
  
  "muggle-string@^0.3.1":
    "integrity" "sha512-ckmWDJjphvd/FvZawgygcUeQCxzvohjFO5RxTjj4eq8kw359gFF3E1brjfI+viLMxss5JrHTDRHZvu2/tuy0Qg=="
    "resolved" "https://registry.npmmirror.com/muggle-string/-/muggle-string-0.3.1.tgz"
    "version" "0.3.1"
  
  "nanoid@^3.3.7":
    "integrity" "sha512-eSRppjcPIatRIMC1U6UngP8XFcz8MQWGQdt1MTBQ7NaAmvXDfvNxbvWV3x2y6CdEUciCSsDHDQZbhYaB8QEo2g=="
    "resolved" "https://registry.npmmirror.com/nanoid/-/nanoid-3.3.7.tgz"
    "version" "3.3.7"
  
  "normalize-path@^3.0.0", "normalize-path@~3.0.0":
    "integrity" "sha512-6eZs5Ls3WtCisHWp9S2GUy8dqkpGi4BVSz3GaqiE6ezub0512ESztXUwUB6C6IKbQkY2Pnb/mD4WYojCRwcwLA=="
    "resolved" "https://registry.npmmirror.com/normalize-path/-/normalize-path-3.0.0.tgz"
    "version" "3.0.0"
  
  "path-browserify@^1.0.1":
    "integrity" "sha512-b7uo2UCUOYZcnF/3ID0lulOJi/bafxa1xPe7ZPsammBSpjSWQkjNxlt635YGS2MiR9GjvuXCtz2emr3jbsz98g=="
    "resolved" "https://registry.npmmirror.com/path-browserify/-/path-browserify-1.0.1.tgz"
    "version" "1.0.1"
  
  "path-parse@^1.0.7":
    "integrity" "sha512-LDJzPVEEEPR+y48z93A0Ed0yXb8pAByGWo/k5YYdYgpY2/2EsOsksJrq7lOHxryrVOn1ejG6oAp8ahvOIQD8sw=="
    "resolved" "https://registry.npmmirror.com/path-parse/-/path-parse-1.0.7.tgz"
    "version" "1.0.7"
  
  "pathe@^1.1.0", "pathe@^1.1.1":
    "integrity" "sha512-d+RQGp0MAYTIaDBIMmOfMwz3E+LOZnxx1HZd5R18mmCZY0QBlK0LDZfPc8FW8Ed2DlvsuE6PRjroDY+wg4+j/Q=="
    "resolved" "https://registry.npmmirror.com/pathe/-/pathe-1.1.1.tgz"
    "version" "1.1.1"
  
  "picocolors@^1.0.0":
    "integrity" "sha512-1fygroTLlHu66zi26VoTDv8yRgm0Fccecssto+MhsZ0D/DGW2sm8E8AjW7NU5VVTRt5GxbeZ5qBuJr+HyLYkjQ=="
    "resolved" "https://registry.npmmirror.com/picocolors/-/picocolors-1.0.0.tgz"
    "version" "1.0.0"
  
  "picomatch@^2.0.4", "picomatch@^2.2.1", "picomatch@^2.3.1":
    "integrity" "sha512-JU3teHTNjmE2VCGFzuY8EXzCDVwEqB2a8fsIvwaStHhAWJEeVd1o1QD80CU6+ZdEXXSLbSsuLwJjkCBWqRQUVA=="
    "resolved" "https://registry.npmmirror.com/picomatch/-/picomatch-2.3.1.tgz"
    "version" "2.3.1"
  
  "pkg-types@^1.0.3":
    "integrity" "sha512-nN7pYi0AQqJnoLPC9eHFQ8AcyaixBUOwvqc5TDnIKCMEE6I0y8P7OKA7fPexsXGCGxQDl/cmrLAp26LhcwxZ4A=="
    "resolved" "https://registry.npmmirror.com/pkg-types/-/pkg-types-1.0.3.tgz"
    "version" "1.0.3"
    dependencies:
      "jsonc-parser" "^3.2.0"
      "mlly" "^1.2.0"
      "pathe" "^1.1.0"
  
  "plyr@^3.7.8":
    "integrity" "sha512-yG/EHDobwbB/uP+4Bm6eUpJ93f8xxHjjk2dYcD1Oqpe1EcuQl5tzzw9Oq+uVAzd2lkM11qZfydSiyIpiB8pgdA=="
    "resolved" "https://registry.npmmirror.com/plyr/-/plyr-3.7.8.tgz"
    "version" "3.7.8"
    dependencies:
      "core-js" "^3.26.1"
      "custom-event-polyfill" "^1.0.7"
      "loadjs" "^4.2.0"
      "rangetouch" "^2.0.1"
      "url-polyfill" "^1.1.12"
  
  "postcss@^8.4.32":
    "integrity" "sha512-Kkpbhhdjw2qQs2O2DGX+8m5OVqEcbB9HRBvuYM9pgrjEFUg30A9LmXNlTAUj4S9kgtGyrMbTzVjH7E+s5Re2yg=="
    "resolved" "https://registry.npmmirror.com/postcss/-/postcss-8.4.33.tgz"
    "version" "8.4.33"
    dependencies:
      "nanoid" "^3.3.7"
      "picocolors" "^1.0.0"
      "source-map-js" "^1.0.2"
  
  "queue-microtask@^1.2.2":
    "integrity" "sha512-NuaNSa6flKT5JaSYQzJok04JzTL1CA6aGhv5rfLW3PgqA+M2ChpZQnAC8h8i4ZFkBS8X5RqkDBHA7r4hej3K9A=="
    "resolved" "https://registry.npmmirror.com/queue-microtask/-/queue-microtask-1.2.3.tgz"
    "version" "1.2.3"
  
  "rangetouch@^2.0.1":
    "integrity" "sha512-sln+pNSc8NGaHoLzwNBssFSf/rSYkqeBXzX1AtJlkJiUaVSJSbRAWJk+4omsXkN+EJalzkZhWQ3th1m0FpR5xA=="
    "resolved" "https://registry.npmmirror.com/rangetouch/-/rangetouch-2.0.1.tgz"
    "version" "2.0.1"
  
  "readdirp@~3.6.0":
    "integrity" "sha512-hOS089on8RduqdbhvQ5Z37A0ESjsqz6qnRcffsMU3495FuTdqSm+7bhJ29JvIOsBDEEnan5DPu9t3To9VRlMzA=="
    "resolved" "https://registry.npmmirror.com/readdirp/-/readdirp-3.6.0.tgz"
    "version" "3.6.0"
    dependencies:
      "picomatch" "^2.2.1"
  
  "resolve@^1.22.4":
    "integrity" "sha512-oKWePCxqpd6FlLvGV1VU0x7bkPmmCNolxzjMf4NczoDnQcIWrAF+cPtZn5i6n+RfD2d9i0tzpKnG6Yk168yIyw=="
    "resolved" "https://registry.npmmirror.com/resolve/-/resolve-1.22.8.tgz"
    "version" "1.22.8"
    dependencies:
      "is-core-module" "^2.13.0"
      "path-parse" "^1.0.7"
      "supports-preserve-symlinks-flag" "^1.0.0"
  
  "reusify@^1.0.4":
    "integrity" "sha512-U9nH88a3fc/ekCF1l0/UP1IosiuIjyTh7hBvXVMHYgVcfGvt897Xguj2UOLDeI5BG2m7/uwyaLVT6fbtCwTyzw=="
    "resolved" "https://registry.npmmirror.com/reusify/-/reusify-1.0.4.tgz"
    "version" "1.0.4"
  
  "rollup@^1.20.0||^2.0.0||^3.0.0||^4.0.0", "rollup@^4.2.0":
    "integrity" "sha512-2ztU7pY/lrQyXSCnnoU4ICjT/tCG9cdH3/G25ERqE3Lst6vl2BCM5hL2Nw+sslAvAf+ccKsAq1SkKQALyqhR7g=="
    "resolved" "https://registry.npmmirror.com/rollup/-/rollup-4.9.4.tgz"
    "version" "4.9.4"
    dependencies:
      "@types/estree" "1.0.5"
    optionalDependencies:
      "@rollup/rollup-android-arm-eabi" "4.9.4"
      "@rollup/rollup-android-arm64" "4.9.4"
      "@rollup/rollup-darwin-arm64" "4.9.4"
      "@rollup/rollup-darwin-x64" "4.9.4"
      "@rollup/rollup-linux-arm-gnueabihf" "4.9.4"
      "@rollup/rollup-linux-arm64-gnu" "4.9.4"
      "@rollup/rollup-linux-arm64-musl" "4.9.4"
      "@rollup/rollup-linux-riscv64-gnu" "4.9.4"
      "@rollup/rollup-linux-x64-gnu" "4.9.4"
      "@rollup/rollup-linux-x64-musl" "4.9.4"
      "@rollup/rollup-win32-arm64-msvc" "4.9.4"
      "@rollup/rollup-win32-ia32-msvc" "4.9.4"
      "@rollup/rollup-win32-x64-msvc" "4.9.4"
      "fsevents" "~2.3.2"
  
  "run-parallel@^1.1.9":
    "integrity" "sha512-5l4VyZR86LZ/lDxZTR6jqL8AFE2S0IFLMP26AbjsLVADxHdhB/c0GUsH+y39UfCi3dzz8OlQuPmnaJOMoDHQBA=="
    "resolved" "https://registry.npmmirror.com/run-parallel/-/run-parallel-1.2.0.tgz"
    "version" "1.2.0"
    dependencies:
      "queue-microtask" "^1.2.2"
  
  "sass@*", "sass@^1.69.7":
    "integrity" "sha512-rzj2soDeZ8wtE2egyLXgOOHQvaC2iosZrkF6v3EUG+tBwEvhqUCzm0VP3k9gHF9LXbSrRhT5SksoI56Iw8NPnQ=="
    "resolved" "https://registry.npmmirror.com/sass/-/sass-1.69.7.tgz"
    "version" "1.69.7"
    dependencies:
      "chokidar" ">=3.0.0 <4.0.0"
      "immutable" "^4.0.0"
      "source-map-js" ">=0.6.2 <2.0.0"
  
  "scule@^1.1.1":
    "integrity" "sha512-sHtm/SsIK9BUBI3EFT/Gnp9VoKfY6QLvlkvAE6YK7454IF8FSgJEAnJpVdSC7K5/pjI5NfxhzBLW2JAfYA/shQ=="
    "resolved" "https://registry.npmmirror.com/scule/-/scule-1.1.1.tgz"
    "version" "1.1.1"
  
  "semver@^7.5.4":
    "integrity" "sha512-1bCSESV6Pv+i21Hvpxp3Dx+pSD8lIPt8uVjRrxAUt/nbswYc+tK6Y2btiULjd4+fnq15PX+nqQDC7Oft7WkwcA=="
    "resolved" "https://registry.npmmirror.com/semver/-/semver-7.5.4.tgz"
    "version" "7.5.4"
    dependencies:
      "lru-cache" "^6.0.0"
  
  "source-map-js@^1.0.2", "source-map-js@>=0.6.2 <2.0.0":
    "integrity" "sha512-R0XvVJ9WusLiqTCEiGCmICCMplcCkIwwR11mOSD9CR5u+IXYdiseeEuXCVAjS54zqwkLcPNnmU4OeJ6tUrWhDw=="
    "resolved" "https://registry.npmmirror.com/source-map-js/-/source-map-js-1.0.2.tgz"
    "version" "1.0.2"
  
  "strip-literal@^1.3.0":
    "integrity" "sha512-PugKzOsyXpArk0yWmUwqOZecSO0GH0bPoctLcqNDH9J04pVW3lflYE0ujElBGTloevcxF5MofAOZ7C5l2b+wLg=="
    "resolved" "https://registry.npmmirror.com/strip-literal/-/strip-literal-1.3.0.tgz"
    "version" "1.3.0"
    dependencies:
      "acorn" "^8.10.0"
  
  "supports-preserve-symlinks-flag@^1.0.0":
    "integrity" "sha512-ot0WnXS9fgdkgIcePe6RHNk1WA8+muPa6cSjeR3V8K27q9BB1rTE3R1p7Hv0z1ZyAc8s6Vvv8DIyWf681MAt0w=="
    "resolved" "https://registry.npmmirror.com/supports-preserve-symlinks-flag/-/supports-preserve-symlinks-flag-1.0.0.tgz"
    "version" "1.0.0"
  
  "to-regex-range@^5.0.1":
    "integrity" "sha512-65P7iz6X5yEr1cwcgvQxbbIw7Uk3gOy5dIdtZ4rDveLqhrdJP+Li/Hx6tyK0NEb+2GCyneCMJiGqrADCSNk8sQ=="
    "resolved" "https://registry.npmmirror.com/to-regex-range/-/to-regex-range-5.0.1.tgz"
    "version" "5.0.1"
    dependencies:
      "is-number" "^7.0.0"
  
  "typescript@*", "typescript@^5.2.2":
    "integrity" "sha512-pXWcraxM0uxAS+tN0AG/BF2TyqmHO014Z070UsJ+pFvYuRSq8KH8DmWpnbXe0pEPDHXZV3FcAbJkijJ5oNEnWw=="
    "resolved" "https://registry.npmmirror.com/typescript/-/typescript-5.3.3.tgz"
    "version" "5.3.3"
  
  "ufo@^1.3.0":
    "integrity" "sha512-o+ORpgGwaYQXgqGDwd+hkS4PuZ3QnmqMMxRuajK/a38L6fTpcE5GPIfrf+L/KemFzfUpeUQc1rRS1iDBozvnFA=="
    "resolved" "https://registry.npmmirror.com/ufo/-/ufo-1.3.2.tgz"
    "version" "1.3.2"
  
  "undici-types@~5.26.4":
    "integrity" "sha512-JlCMO+ehdEIKqlFxk6IfVoAUVmgz7cU7zD/h9XZ0qzeosSHmUJVOzSQvvYSYWXkFXC+IfLKSIffhv0sVZup6pA=="
    "resolved" "https://registry.npmmirror.com/undici-types/-/undici-types-5.26.5.tgz"
    "version" "5.26.5"
  
  "unimport@^3.7.0":
    "integrity" "sha512-V9HpXYfsZye5bPPYUgs0Otn3ODS1mDUciaBlXljI4C2fTwfFpvFZRywmlOu943puN9sncxROMZhsZCjNXEpzEQ=="
    "resolved" "https://registry.npmmirror.com/unimport/-/unimport-3.7.1.tgz"
    "version" "3.7.1"
    dependencies:
      "@rollup/pluginutils" "^5.1.0"
      "acorn" "^8.11.2"
      "escape-string-regexp" "^5.0.0"
      "estree-walker" "^3.0.3"
      "fast-glob" "^3.3.2"
      "local-pkg" "^0.5.0"
      "magic-string" "^0.30.5"
      "mlly" "^1.4.2"
      "pathe" "^1.1.1"
      "pkg-types" "^1.0.3"
      "scule" "^1.1.1"
      "strip-literal" "^1.3.0"
      "unplugin" "^1.5.1"
  
  "unplugin-auto-import@^0.17.3":
    "integrity" "sha512-0cn0wr8X579TtdZKUAps0dDVrYzttx38ImdxZjmCeNlMDJX8UuSjO83vFqgS4ClNDIGWAute+xl9j5vRSX+vsw=="
    "resolved" "https://registry.npmmirror.com/unplugin-auto-import/-/unplugin-auto-import-0.17.3.tgz"
    "version" "0.17.3"
    dependencies:
      "@antfu/utils" "^0.7.7"
      "@rollup/pluginutils" "^5.1.0"
      "fast-glob" "^3.3.2"
      "local-pkg" "^0.5.0"
      "magic-string" "^0.30.5"
      "minimatch" "^9.0.3"
      "unimport" "^3.7.0"
      "unplugin" "^1.6.0"
  
  "unplugin-vue-components@^0.26.0":
    "integrity" "sha512-s7IdPDlnOvPamjunVxw8kNgKNK8A5KM1YpK5j/p97jEKTjlPNrA0nZBiSfAKKlK1gWZuyWXlKL5dk3EDw874LQ=="
    "resolved" "https://registry.npmmirror.com/unplugin-vue-components/-/unplugin-vue-components-0.26.0.tgz"
    "version" "0.26.0"
    dependencies:
      "@antfu/utils" "^0.7.6"
      "@rollup/pluginutils" "^5.0.4"
      "chokidar" "^3.5.3"
      "debug" "^4.3.4"
      "fast-glob" "^3.3.1"
      "local-pkg" "^0.4.3"
      "magic-string" "^0.30.3"
      "minimatch" "^9.0.3"
      "resolve" "^1.22.4"
      "unplugin" "^1.4.0"
  
  "unplugin@^1.4.0", "unplugin@^1.5.1", "unplugin@^1.6.0":
    "integrity" "sha512-BfJEpWBu3aE/AyHx8VaNE/WgouoQxgH9baAiH82JjX8cqVyi3uJQstqwD5J+SZxIK326SZIhsSZlALXVBCknTQ=="
    "resolved" "https://registry.npmmirror.com/unplugin/-/unplugin-1.6.0.tgz"
    "version" "1.6.0"
    dependencies:
      "acorn" "^8.11.2"
      "chokidar" "^3.5.3"
      "webpack-sources" "^3.2.3"
      "webpack-virtual-modules" "^0.6.1"
  
  "url-polyfill@^1.1.12":
    "integrity" "sha512-mYFmBHCapZjtcNHW0MDq9967t+z4Dmg5CJ0KqysK3+ZbyoNOWQHksGCTWwDhxGXllkWlOc10Xfko6v4a3ucM6A=="
    "resolved" "https://registry.npmmirror.com/url-polyfill/-/url-polyfill-1.1.12.tgz"
    "version" "1.1.12"
  
  "vite@^4.0.0 || ^5.0.0", "vite@^5.0.8":
    "integrity" "sha512-XBMnDjZcNAw/G1gEiskiM1v6yzM4GE5aMGvhWTlHAYYhxb7S3/V1s3m2LDHa8Vh6yIWYYB0iJwsEaS523c4oYA=="
    "resolved" "https://registry.npmmirror.com/vite/-/vite-5.0.11.tgz"
    "version" "5.0.11"
    dependencies:
      "esbuild" "^0.19.3"
      "postcss" "^8.4.32"
      "rollup" "^4.2.0"
    optionalDependencies:
      "fsevents" "~2.3.3"
  
  "vue-router@4":
    "integrity" "sha512-DIUpKcyg4+PTQKfFPX88UWhlagBEBEfJ5A8XDXRJLUnZOvcpMF8o/dnL90vpVkGaPbjvXazV/rC1qBKrZlFugw=="
    "resolved" "https://registry.npmmirror.com/vue-router/-/vue-router-4.2.5.tgz"
    "version" "4.2.5"
    dependencies:
      "@vue/devtools-api" "^6.5.0"
  
  "vue-template-compiler@^2.7.14":
    "integrity" "sha512-AYbUWAJHLGGQM7+cNTELw+KsOG9nl2CnSv467WobS5Cv9uk3wFcnr1Etsz2sEIHEZvw1U+o9mRlEO6QbZvUPGQ=="
    "resolved" "https://registry.npmmirror.com/vue-template-compiler/-/vue-template-compiler-2.7.16.tgz"
    "version" "2.7.16"
    dependencies:
      "de-indent" "^1.0.2"
      "he" "^1.2.0"
  
  "vue-tsc@^1.8.25":
    "integrity" "sha512-WesKCAZCRAbmmhuGl3+VrdWItEvfoFIPXOvUJkjULi+x+6G/Dy69yO3TBRJDr9eUlmsNAwVmxsNZxvHKzbkKdg=="
    "resolved" "https://registry.npmmirror.com/vue-tsc/-/vue-tsc-1.8.27.tgz"
    "version" "1.8.27"
    dependencies:
      "@volar/typescript" "~1.11.1"
      "@vue/language-core" "1.8.27"
      "semver" "^7.5.4"
  
  "vue@^3.2.0", "vue@^3.2.25", "vue@^3.3.11", "vue@^3.x", "vue@2 || 3", "vue@3.4.6":
    "integrity" "sha512-gAzw5oP0/h34/yq1LjLNpn4wrCKYMuWp2jbs/JirFiZAFWYhd9jTkXp4wIi5ApgMJrMgD6YFyyXwKsqFYR31IQ=="
    "resolved" "https://registry.npmmirror.com/vue/-/vue-3.4.6.tgz"
    "version" "3.4.6"
    dependencies:
      "@vue/compiler-dom" "3.4.6"
      "@vue/compiler-sfc" "3.4.6"
      "@vue/runtime-dom" "3.4.6"
      "@vue/server-renderer" "3.4.6"
      "@vue/shared" "3.4.6"
  
  "webpack-sources@^3.2.3":
    "integrity" "sha512-/DyMEOrDgLKKIG0fmvtz+4dUX/3Ghozwgm6iPp8KRhvn+eQf9+Q7GWxVNMk3+uCPWfdXYC4ExGBckIXdFEfH1w=="
    "resolved" "https://registry.npmmirror.com/webpack-sources/-/webpack-sources-3.2.3.tgz"
    "version" "3.2.3"
  
  "webpack-virtual-modules@^0.6.1":
    "integrity" "sha512-poXpCylU7ExuvZK8z+On3kX+S8o/2dQ/SVYueKA0D4WEMXROXgY8Ez50/bQEUmvoSMMrWcrJqCHuhAbsiwg7Dg=="
    "resolved" "https://registry.npmmirror.com/webpack-virtual-modules/-/webpack-virtual-modules-0.6.1.tgz"
    "version" "0.6.1"
  
  "yallist@^4.0.0":
    "integrity" "sha512-3wdGidZyq5PB084XLES5TpOSRA3wjXAlIWMhum2kRcv/41Sn2emQ0dycQW4uZXLejwKvg6EsvbdlVL+FYEct7A=="
    "resolved" "https://registry.npmmirror.com/yallist/-/yallist-4.0.0.tgz"
    "version" "4.0.0"
